This is XeTeX, Version 3.141592653-2.6-0.999997 (TeX Live 2025) (preloaded format=xelatex 2025.11.5)  13 MAR 2026 00:16
entering extended mode
 restricted \write18 enabled.
 file:line:error style messages enabled.
 %&-line parsing enabled.
**/Users/user/Downloads/TA-STI-template-1.0/TA
(/Users/user/Downloads/TA-STI-template-1.0/TA.tex
LaTeX2e <2024-11-01> patch level 2
L3 programming layer <2025-01-18>
(/usr/local/texlive/2025basic/texmf-dist/tex/latex/base/book.cls
Document Class: book 2024/06/29 v1.4n Standard LaTeX document class
(/usr/local/texlive/2025basic/texmf-dist/tex/latex/base/bk12.clo
File: bk12.clo 2024/06/29 v1.4n Standard LaTeX file (size option)
)
\c@part=\count192
\c@chapter=\count193
\c@section=\count194
\c@subsection=\count195
\c@subsubsection=\count196
\c@paragraph=\count197
\c@subparagraph=\count198
\c@figure=\count199
\c@table=\count266
\abovecaptionskip=\skip49
\belowcaptionskip=\skip50
\bibindent=\dimen141
) (/usr/local/texlive/2025basic/texmf-dist/tex/latex/base/inputenc.sty
Package: inputenc 2024/02/08 v1.3d Input encoding file
\inpenc@prehook=\toks17
\inpenc@posthook=\toks18


Package inputenc Warning: inputenc package ignored with utf8 based engines.

) (/usr/local/texlive/2025basic/texmf-dist/tex/latex/fontspec/fontspec.sty (/usr/local/texlive/2025basic/texmf-dist/tex/latex/l3packages/xparse/xparse.sty (/usr/local/texlive/2025basic/texmf-dist/tex/latex/l3kernel/expl3.sty
Package: expl3 2025-01-18 L3 programming layer (loader) 
 (/usr/local/texlive/2025basic/texmf-dist/tex/latex/l3backend/l3backend-xetex.def
File: l3backend-xetex.def 2024-05-08 L3 backend support: XeTeX
\g__graphics_track_int=\count267
\l__pdf_internal_box=\box52
\g__pdf_backend_annotation_int=\count268
\g__pdf_backend_link_int=\count269
))
Package: xparse 2024-08-16 L3 Experimental document command parser
)
Package: fontspec 2024/05/11 v2.9e Font selection for XeLaTeX and LuaLaTeX
 (/usr/local/texlive/2025basic/texmf-dist/tex/latex/fontspec/fontspec-xetex.sty
Package: fontspec-xetex 2024/05/11 v2.9e Font selection for XeLaTeX and LuaLaTeX
\l__fontspec_script_int=\count270
\l__fontspec_language_int=\count271
\l__fontspec_strnum_int=\count272
\l__fontspec_tmp_int=\count273
\l__fontspec_tmpa_int=\count274
\l__fontspec_tmpb_int=\count275
\l__fontspec_tmpc_int=\count276
\l__fontspec_em_int=\count277
\l__fontspec_emdef_int=\count278
\l__fontspec_strong_int=\count279
\l__fontspec_strongdef_int=\count280
\l__fontspec_tmpa_dim=\dimen142
\l__fontspec_tmpb_dim=\dimen143
\l__fontspec_tmpc_dim=\dimen144
 (/usr/local/texlive/2025basic/texmf-dist/tex/latex/base/fontenc.sty
Package: fontenc 2021/04/29 v2.0v Standard LaTeX package
) (/usr/local/texlive/2025basic/texmf-dist/tex/latex/fontspec/fontspec.cfg))) (/usr/local/texlive/2025basic/texmf-dist/tex/generic/babel/babel.sty
Package: babel 2025/02/14 v25.4 The multilingual framework for pdfLaTeX, LuaLaTeX and XeLaTeX
\babel@savecnt=\count281
\U@D=\dimen145
\l@unhyphenated=\language23
 (/usr/local/texlive/2025basic/texmf-dist/tex/generic/babel/xebabel.def)
\bbl@readstream=\read2
\bbl@dirlevel=\count282
 (/usr/local/texlive/2025basic/texmf-dist/tex/generic/babel-indonesian/indonesian.ldf
Language: indonesian 2025/06/01 v1.0n Bahasa Indonesia support from the babel system


Package babel Warning: No hyphenation patterns were preloaded for
(babel)                the language 'Bahasa Indonesia' into the format.
(babel)                Please, configure your TeX system to add them and
(babel)                rebuild the format. Now I will use the patterns
(babel)                preloaded for \language=0 instead on input line 58.

Package babel Info: Hyphen rules for 'bahasa' set to \l@english
(babel)             (\language0). Reported on input line 59.
)) (/usr/local/texlive/2025basic/texmf-dist/tex/generic/babel/locale/id/babel-indonesian.tex
Package babel Info: Importing font and identification data for indonesian
(babel)             from babel-id.ini. Reported on input line 11.
) (/usr/local/texlive/2025basic/texmf-dist/tex/latex/csquotes/csquotes.sty
Package: csquotes 2024-04-04 v5.2o context-sensitive quotations (JAW)
 (/usr/local/texlive/2025basic/texmf-dist/tex/latex/etoolbox/etoolbox.sty
Package: etoolbox 2025/02/11 v2.5l e-TeX tools for LaTeX (JAW)
\etb@tempcnta=\count283
) (/usr/local/texlive/2025basic/texmf-dist/tex/latex/graphics/keyval.sty
Package: keyval 2022/05/29 v1.15 key=value parser (DPC)
\KV@toks@=\toks19
)
\csq@reset=\count284
\csq@gtype=\count285
\csq@glevel=\count286
\csq@qlevel=\count287
\csq@maxlvl=\count288
\csq@tshold=\count289
\csq@ltx@everypar=\toks20
 (/usr/local/texlive/2025basic/texmf-dist/tex/latex/csquotes/csquotes.def
File: csquotes.def 2024-04-04 v5.2o csquotes generic definitions (JAW)
)
Package csquotes Info: Trying to load configuration file 'csquotes.cfg'...
Package csquotes Info: ... configuration file loaded successfully.
 (/usr/local/texlive/2025basic/texmf-dist/tex/latex/csquotes/csquotes.cfg
File: csquotes.cfg 
)) (/usr/local/texlive/2025basic/texmf-dist/tex/latex/setspace/setspace.sty
Package: setspace 2022/12/04 v6.7b set line spacing
) (/usr/local/texlive/2025basic/texmf-dist/tex/latex/graphics/graphicx.sty
Package: graphicx 2021/09/16 v1.2d Enhanced LaTeX Graphics (DPC,SPQR)
 (/usr/local/texlive/2025basic/texmf-dist/tex/latex/graphics/graphics.sty
Package: graphics 2024/08/06 v1.4g Standard LaTeX Graphics (DPC,SPQR)
 (/usr/local/texlive/2025basic/texmf-dist/tex/latex/graphics/trig.sty
Package: trig 2023/12/02 v1.11 sin cos tan (DPC)
) (/usr/local/texlive/2025basic/texmf-dist/tex/latex/graphics-cfg/graphics.cfg
File: graphics.cfg 2016/06/04 v1.11 sample graphics configuration
)
Package graphics Info: Driver file: xetex.def on input line 106.
 (/usr/local/texlive/2025basic/texmf-dist/tex/latex/graphics-def/xetex.def
File: xetex.def 2022/09/22 v5.0n Graphics/color driver for xetex
))
\Gin@req@height=\dimen146
\Gin@req@width=\dimen147
) (/usr/local/texlive/2025basic/texmf-dist/tex/latex/caption/caption.sty
Package: caption 2023/08/05 v3.6o Customizing captions (AR)
 (/usr/local/texlive/2025basic/texmf-dist/tex/latex/caption/caption3.sty
Package: caption3 2023/07/31 v2.4d caption3 kernel (AR)
\caption@tempdima=\dimen148
\captionmargin=\dimen149
\caption@leftmargin=\dimen150
\caption@rightmargin=\dimen151
\caption@width=\dimen152
\caption@indent=\dimen153
\caption@parindent=\dimen154
\caption@hangindent=\dimen155
Package caption Info: Standard document class detected.
)
\c@caption@flags=\count290
\c@continuedfloat=\count291
) (/usr/local/texlive/2025basic/texmf-dist/tex/latex/caption/subcaption.sty
Package: subcaption 2023/07/28 v1.6b Sub-captions (AR)
Package caption Info: New subtype `subfigure' on input line 238.
\c@subfigure=\count292
Package caption Info: New subtype `subtable' on input line 238.
\c@subtable=\count293
) (/usr/local/texlive/2025basic/texmf-dist/tex/latex/tocloft/tocloft.sty
Package: tocloft 2017/08/31 v2.3i parameterised ToC, etc., typesetting
Package tocloft Info: The document has chapter divisions on input line 51.
\cftparskip=\skip51
\cftbeforetoctitleskip=\skip52
\cftaftertoctitleskip=\skip53
\cftbeforepartskip=\skip54
\cftpartnumwidth=\skip55
\cftpartindent=\skip56
\cftbeforechapskip=\skip57
\cftchapindent=\skip58
\cftchapnumwidth=\skip59
\cftbeforesecskip=\skip60
\cftsecindent=\skip61
\cftsecnumwidth=\skip62
\cftbeforesubsecskip=\skip63
\cftsubsecindent=\skip64
\cftsubsecnumwidth=\skip65
\cftbeforesubsubsecskip=\skip66
\cftsubsubsecindent=\skip67
\cftsubsubsecnumwidth=\skip68
\cftbeforeparaskip=\skip69
\cftparaindent=\skip70
\cftparanumwidth=\skip71
\cftbeforesubparaskip=\skip72
\cftsubparaindent=\skip73
\cftsubparanumwidth=\skip74
\cftbeforeloftitleskip=\skip75
\cftafterloftitleskip=\skip76
\cftbeforefigskip=\skip77
\cftfigindent=\skip78
\cftfignumwidth=\skip79
\c@lofdepth=\count294
\c@lotdepth=\count295
\cftbeforelottitleskip=\skip80
\cftafterlottitleskip=\skip81
\cftbeforetabskip=\skip82
\cfttabindent=\skip83
\cfttabnumwidth=\skip84
) (/usr/local/texlive/2025basic/texmf-dist/tex/latex/titlesec/titlesec.sty
Package: titlesec 2025/01/04 v2.17 Sectioning titles
\ttl@box=\box53
\beforetitleunit=\skip85
\aftertitleunit=\skip86
\ttl@plus=\dimen156
\ttl@minus=\dimen157
\ttl@toksa=\toks21
\titlewidth=\dimen158
\titlewidthlast=\dimen159
\titlewidthfirst=\dimen160
) (/usr/local/texlive/2025basic/texmf-dist/tex/latex/lipsum/lipsum.sty (/usr/local/texlive/2025basic/texmf-dist/tex/latex/l3packages/l3keys2e/l3keys2e.sty
Package: l3keys2e 2024-08-16 LaTeX2e option processing using LaTeX3 keys
)
Package: lipsum 2021-09-20 v2.7 150 paragraphs of Lorem Ipsum dummy text
\g__lipsum_par_int=\count296
\l__lipsum_a_int=\count297
\l__lipsum_b_int=\count298
 (/usr/local/texlive/2025basic/texmf-dist/tex/latex/lipsum/lipsum.ltd.tex)) (/usr/local/texlive/2025basic/texmf-dist/tex/latex/floatrow/floatrow.sty
Package: floatrow 2008/08/02 v0.3b floatrow: float package extension
\c@float@type=\count299
\float@exts=\toks22
\float@box=\box54
\@floatcapt=\box55
Package floatrow Info: Modified float package code loaded on input line 455.
Package floatrow Info: Modified rotfloat package code loaded on input line 473.
\FR@everyfloat=\toks23
\flrow@foot=\insert252
\FB@wd=\dimen161
\FBo@wd=\dimen162
\FBc@wd=\dimen163
\FBo@ht=\skip87
\FBc@ht=\skip88
\FBf@ht=\skip89
\FBo@max=\skip90
\FBc@max=\skip91
\FBf@max=\skip92
\c@FBl@b=\count300
\floatbox@depth=\count301
\c@FRobj=\count302
\c@FRsobj=\count303
\Xhsize=\skip93
\sXhsize=\skip94
\Zhsize=\skip95
\sZhsize=\skip96
\flrow@rowbox=\box56
\FR@Zunitlength=\dimen164
\c@FBcnt=\count304
\FPOScnt=\count305
\LTleft=\skip97
\LTright=\skip98
\LTleft=\skip99
\LTright=\skip100
\flrow@types=\toks24
) (/usr/local/texlive/2025basic/texmf-dist/tex/latex/listings/listings.sty
\lst@mode=\count306
\lst@gtempboxa=\box57
\lst@token=\toks25
\lst@length=\count307
\lst@currlwidth=\dimen165
\lst@column=\count308
\lst@pos=\count309
\lst@lostspace=\dimen166
\lst@width=\dimen167
\lst@newlines=\count310
\lst@lineno=\count311
\lst@maxwidth=\dimen168
 (/usr/local/texlive/2025basic/texmf-dist/tex/latex/listings/lstpatch.sty
File: lstpatch.sty 2024/09/23 1.10c (Carsten Heinz)
) (/usr/local/texlive/2025basic/texmf-dist/tex/latex/listings/lstmisc.sty
File: lstmisc.sty 2024/09/23 1.10c (Carsten Heinz)
\c@lstnumber=\count312
\lst@skipnumbers=\count313
\lst@framebox=\box58
) (/usr/local/texlive/2025basic/texmf-dist/tex/latex/listings/listings.cfg
File: listings.cfg 2024/09/23 1.10c listings configuration
))
Package: listings 2024/09/23 1.10c (Carsten Heinz)
 (/usr/local/texlive/2025basic/texmf-dist/tex/latex/amsmath/amsmath.sty
Package: amsmath 2024/11/05 v2.17t AMS math features
\@mathmargin=\skip101

For additional information on amsmath, use the `?' option.
(/usr/local/texlive/2025basic/texmf-dist/tex/latex/amsmath/amstext.sty
Package: amstext 2021/08/26 v2.01 AMS text
 (/usr/local/texlive/2025basic/texmf-dist/tex/latex/amsmath/amsgen.sty
File: amsgen.sty 1999/11/30 v2.0 generic functions
\@emptytoks=\toks26
\ex@=\dimen169
)) (/usr/local/texlive/2025basic/texmf-dist/tex/latex/amsmath/amsbsy.sty
Package: amsbsy 1999/11/29 v1.2d Bold Symbols
\pmbraise@=\dimen170
) (/usr/local/texlive/2025basic/texmf-dist/tex/latex/amsmath/amsopn.sty
Package: amsopn 2022/04/08 v2.04 operator names
)
\inf@bad=\count314
LaTeX Info: Redefining \frac on input line 233.
\uproot@=\count315
\leftroot@=\count316
LaTeX Info: Redefining \overline on input line 398.
LaTeX Info: Redefining \colon on input line 409.
\classnum@=\count317
\DOTSCASE@=\count318
LaTeX Info: Redefining \ldots on input line 495.
LaTeX Info: Redefining \dots on input line 498.
LaTeX Info: Redefining \cdots on input line 619.
\Mathstrutbox@=\box59
\strutbox@=\box60
LaTeX Info: Redefining \big on input line 721.
LaTeX Info: Redefining \Big on input line 722.
LaTeX Info: Redefining \bigg on input line 723.
LaTeX Info: Redefining \Bigg on input line 724.
\big@size=\dimen171
LaTeX Font Info:    Redeclaring font encoding OML on input line 742.
LaTeX Font Info:    Redeclaring font encoding OMS on input line 743.
\macc@depth=\count319
LaTeX Info: Redefining \bmod on input line 904.
LaTeX Info: Redefining \pmod on input line 909.
LaTeX Info: Redefining \smash on input line 939.
LaTeX Info: Redefining \relbar on input line 969.
LaTeX Info: Redefining \Relbar on input line 970.
\c@MaxMatrixCols=\count320
\dotsspace@=\muskip17
\c@parentequation=\count321
\dspbrk@lvl=\count322
\tag@help=\toks27
\row@=\count323
\column@=\count324
\maxfields@=\count325
\andhelp@=\toks28
\eqnshift@=\dimen172
\alignsep@=\dimen173
\tagshift@=\dimen174
\tagwidth@=\dimen175
\totwidth@=\dimen176
\lineht@=\dimen177
\@envbody=\toks29
\multlinegap=\skip102
\multlinetaggap=\skip103
\mathdisplay@stack=\toks30
LaTeX Info: Redefining \[ on input line 2953.
LaTeX Info: Redefining \] on input line 2954.
) (/usr/local/texlive/2025basic/texmf-dist/tex/latex/amsfonts/amssymb.sty
Package: amssymb 2013/01/14 v3.01 AMS font symbols
 (/usr/local/texlive/2025basic/texmf-dist/tex/latex/amsfonts/amsfonts.sty
Package: amsfonts 2013/01/14 v3.01 Basic AMSFonts support
\symAMSa=\mathgroup4
\symAMSb=\mathgroup5
LaTeX Font Info:    Redeclaring math symbol \hbar on input line 98.
LaTeX Font Info:    Overwriting math alphabet `\mathfrak' in version `bold'
(Font)                  U/euf/m/n --> U/euf/b/n on input line 106.
)) (/usr/local/texlive/2025basic/texmf-dist/tex/latex/enumitem/enumitem.sty
Package: enumitem 2025/02/06 v3.11 Customized lists
\labelindent=\skip104
\enit@outerparindent=\dimen178
\enit@toks=\toks31
\enit@inbox=\box61
\enit@count@id=\count326
\enitdp@description=\count327
) (/usr/local/texlive/2025basic/texmf-dist/tex/latex/parskip/parskip.sty
Package: parskip 2021-03-14 v2.0h non-zero parskip adjustments
 (/usr/local/texlive/2025basic/texmf-dist/tex/latex/kvoptions/kvoptions.sty
Package: kvoptions 2022-06-15 v3.15 Key value format for package options (HO)
 (/usr/local/texlive/2025basic/texmf-dist/tex/generic/ltxcmds/ltxcmds.sty
Package: ltxcmds 2023-12-04 v1.26 LaTeX kernel commands for general use (HO)
) (/usr/local/texlive/2025basic/texmf-dist/tex/latex/kvsetkeys/kvsetkeys.sty
Package: kvsetkeys 2022-10-05 v1.19 Key value parser (HO)
))) (/usr/local/texlive/2025basic/texmf-dist/tex/latex/tools/longtable.sty
Package: longtable 2024-10-27 v4.22 Multi-page Table package (DPC)
\LTleft=\skip105
\LTright=\skip106
\LTpre=\skip107
\LTpost=\skip108
\LTchunksize=\count328
\LTcapwidth=\dimen179
\LT@head=\box62
\LT@firsthead=\box63
\LT@foot=\box64
\LT@lastfoot=\box65
\LT@gbox=\box66
\LT@cols=\count329
\LT@rows=\count330
\c@LT@tables=\count331
\c@LT@chunks=\count332
\LT@p@ftn=\toks32
) (/usr/local/texlive/2025basic/texmf-dist/tex/latex/booktabs/booktabs.sty
Package: booktabs 2020/01/12 v1.61803398 Publication quality tables
\heavyrulewidth=\dimen180
\lightrulewidth=\dimen181
\cmidrulewidth=\dimen182
\belowrulesep=\dimen183
\belowbottomsep=\dimen184
\aboverulesep=\dimen185
\abovetopsep=\dimen186
\cmidrulesep=\dimen187
\cmidrulekern=\dimen188
\defaultaddspace=\dimen189
\@cmidla=\count333
\@cmidlb=\count334
\@aboverulesep=\dimen190
\@belowrulesep=\dimen191
\@thisruleclass=\count335
\@lastruleclass=\count336
\@thisrulewidth=\dimen192
) (/usr/local/texlive/2025basic/texmf-dist/tex/latex/datetime2/datetime2.sty
Package: datetime2 2021/03/21 v1.5.7 (NLCT) date and time formats
 (/usr/local/texlive/2025basic/texmf-dist/tex/latex/tracklang/tracklang.sty
Package: tracklang 2025/03/11 v1.6.6 (NLCT) Track Languages
 (/usr/local/texlive/2025basic/texmf-dist/tex/generic/tracklang/tracklang.tex)
Package tracklang Info: Tracking dialect `indonesian' (language `bahasai') on input line 264.
Package tracklang Info: Tracking dialect `indonesian' (language `bahasai') on input line 264.
) (/usr/local/texlive/2025basic/texmf-dist/tex/latex/xkeyval/xkeyval.sty
Package: xkeyval 2022/06/16 v2.9 package option processing (HA)
 (/usr/local/texlive/2025basic/texmf-dist/tex/generic/xkeyval/xkeyval.tex (/usr/local/texlive/2025basic/texmf-dist/tex/generic/xkeyval/xkvutils.tex
\XKV@toks=\toks33
\XKV@tempa@toks=\toks34
)
\XKV@depth=\count337
File: xkeyval.tex 2014/12/03 v2.7a key=value parser (HA)
))
Package tracklang Info: Tracking dialect `bahasai' (language `bahasai') on input line 217.


Package datetime2 Warning: Date-Time Language Module `indonesian' not installed on input line 1913.


Package datetime2 Warning: Date-Time Language Module `bahasai' not installed on input line 1913.

) (/usr/local/texlive/2025basic/texmf-dist/tex/latex/geometry/geometry.sty
Package: geometry 2020/01/02 v5.9 Page Geometry
 (/usr/local/texlive/2025basic/texmf-dist/tex/generic/iftex/ifvtex.sty
Package: ifvtex 2019/10/25 v1.7 ifvtex legacy package. Use iftex instead.
 (/usr/local/texlive/2025basic/texmf-dist/tex/generic/iftex/iftex.sty
Package: iftex 2024/12/12 v1.0g TeX engine tests
))
\Gm@cnth=\count338
\Gm@cntv=\count339
\c@Gm@tempcnt=\count340
\Gm@bindingoffset=\dimen193
\Gm@wd@mp=\dimen194
\Gm@odd@mp=\dimen195
\Gm@even@mp=\dimen196
\Gm@layoutwidth=\dimen197
\Gm@layoutheight=\dimen198
\Gm@layouthoffset=\dimen199
\Gm@layoutvoffset=\dimen256
\Gm@dimlist=\toks35
)
\c@algorithm=\count341
\algindent=\skip109
 (/usr/local/texlive/2025basic/texmf-dist/tex/latex/microtype/microtype.sty
Package: microtype 2025/02/11 v3.2a Micro-typographical refinements (RS)
\MT@toks=\toks36
\MT@tempbox=\box67
\MT@count=\count342
LaTeX Info: Redefining \noprotrusionifhmode on input line 1087.
LaTeX Info: Redefining \leftprotrusion on input line 1088.
\MT@prot@toks=\toks37
LaTeX Info: Redefining \rightprotrusion on input line 1107.
LaTeX Info: Redefining \textls on input line 1449.
\MT@outer@kern=\dimen257
LaTeX Info: Redefining \microtypecontext on input line 2053.
LaTeX Info: Redefining \textmicrotypecontext on input line 2070.
\MT@listname@count=\count343
 (/usr/local/texlive/2025basic/texmf-dist/tex/latex/microtype/microtype-xetex.def
File: microtype-xetex.def 2025/02/11 v3.2a Definitions specific to xetex (RS)
LaTeX Info: Redefining \lsstyle on input line 443.
LaTeX Info: Redefining \lslig on input line 451.
\MT@outer@space=\skip110
)
Package microtype Info: Loading configuration file microtype.cfg.
 (/usr/local/texlive/2025basic/texmf-dist/tex/latex/microtype/microtype.cfg
File: microtype.cfg 2025/02/11 v3.2a microtype main configuration file (RS)
)
LaTeX Info: Redefining \microtypesetup on input line 3065.
) (/usr/local/texlive/2025basic/texmf-dist/tex/latex/tools/array.sty
Package: array 2024/10/17 v2.6g Tabular extension package (FMi)
\col@sep=\dimen258
\ar@mcellbox=\box68
\extrarowheight=\dimen259
\NC@list=\toks38
\extratabsurround=\skip111
\backup@length=\skip112
\ar@cellbox=\box69
) (/usr/local/texlive/2025basic/texmf-dist/tex/latex/tools/tabularx.sty
Package: tabularx 2023/12/11 v2.12a `tabularx' package (DPC)
\TX@col@width=\dimen260
\TX@old@table=\dimen261
\TX@old@col=\dimen262
\TX@target=\dimen263
\TX@delta=\dimen264
\TX@cols=\count344
\TX@ftn=\toks39
) (/usr/local/texlive/2025basic/texmf-dist/tex/latex/xcolor/xcolor.sty
Package: xcolor 2024/09/29 v3.02 LaTeX color extensions (UK)
 (/usr/local/texlive/2025basic/texmf-dist/tex/latex/graphics-cfg/color.cfg
File: color.cfg 2016/01/02 v1.6 sample color configuration
)
Package xcolor Info: Driver file: xetex.def on input line 274.
 (/usr/local/texlive/2025basic/texmf-dist/tex/latex/graphics/mathcolor.ltx)
Package xcolor Info: Model `cmy' substituted by `cmy0' on input line 1349.
Package xcolor Info: Model `RGB' extended on input line 1365.
Package xcolor Info: Model `HTML' substituted by `rgb' on input line 1367.
Package xcolor Info: Model `Hsb' substituted by `hsb' on input line 1368.
Package xcolor Info: Model `tHsb' substituted by `hsb' on input line 1369.
Package xcolor Info: Model `HSB' substituted by `hsb' on input line 1370.
Package xcolor Info: Model `Gray' substituted by `gray' on input line 1371.
Package xcolor Info: Model `wave' substituted by `hsb' on input line 1372.
) (/usr/local/texlive/2025basic/texmf-dist/tex/latex/hyperref/hyperref.sty
Package: hyperref 2024-11-05 v7.01l Hypertext links for LaTeX
 (/usr/local/texlive/2025basic/texmf-dist/tex/generic/kvdefinekeys/kvdefinekeys.sty
Package: kvdefinekeys 2019-12-19 v1.6 Define keys (HO)
) (/usr/local/texlive/2025basic/texmf-dist/tex/generic/pdfescape/pdfescape.sty
Package: pdfescape 2019/12/09 v1.15 Implements pdfTeX's escape features (HO)
 (/usr/local/texlive/2025basic/texmf-dist/tex/generic/pdftexcmds/pdftexcmds.sty
Package: pdftexcmds 2020-06-27 v0.33 Utility functions of pdfTeX for LuaTeX (HO)
 (/usr/local/texlive/2025basic/texmf-dist/tex/generic/infwarerr/infwarerr.sty
Package: infwarerr 2019/12/03 v1.5 Providing info/warning/error messages (HO)
)
Package pdftexcmds Info: \pdf@primitive is available.
Package pdftexcmds Info: \pdf@ifprimitive is available.
Package pdftexcmds Info: \pdfdraftmode not found.
)) (/usr/local/texlive/2025basic/texmf-dist/tex/latex/hycolor/hycolor.sty
Package: hycolor 2020-01-27 v1.10 Color options for hyperref/bookmark (HO)
) (/usr/local/texlive/2025basic/texmf-dist/tex/latex/hyperref/nameref.sty
Package: nameref 2023-11-26 v2.56 Cross-referencing by name of section
 (/usr/local/texlive/2025basic/texmf-dist/tex/latex/refcount/refcount.sty
Package: refcount 2019/12/15 v3.6 Data extraction from label references (HO)
) (/usr/local/texlive/2025basic/texmf-dist/tex/generic/gettitlestring/gettitlestring.sty
Package: gettitlestring 2019/12/15 v1.6 Cleanup title references (HO)
)
\c@section@level=\count345
) (/usr/local/texlive/2025basic/texmf-dist/tex/generic/stringenc/stringenc.sty
Package: stringenc 2019/11/29 v1.12 Convert strings between diff. encodings (HO)
)
\@linkdim=\dimen265
\Hy@linkcounter=\count346
\Hy@pagecounter=\count347
 (/usr/local/texlive/2025basic/texmf-dist/tex/latex/hyperref/pd1enc.def
File: pd1enc.def 2024-11-05 v7.01l Hyperref: PDFDocEncoding definition (HO)
) (/usr/local/texlive/2025basic/texmf-dist/tex/generic/intcalc/intcalc.sty
Package: intcalc 2019/12/15 v1.3 Expandable calculations with integers (HO)
)
\Hy@SavedSpaceFactor=\count348
 (/usr/local/texlive/2025basic/texmf-dist/tex/latex/hyperref/puenc.def
File: puenc.def 2024-11-05 v7.01l Hyperref: PDF Unicode definition (HO)
)
Package hyperref Info: Hyper figures OFF on input line 4157.
Package hyperref Info: Link nesting OFF on input line 4162.
Package hyperref Info: Hyper index ON on input line 4165.
Package hyperref Info: Plain pages OFF on input line 4172.
Package hyperref Info: Backreferencing OFF on input line 4177.
Package hyperref Info: Implicit mode ON; LaTeX internals redefined.
Package hyperref Info: Bookmarks ON on input line 4424.
\c@Hy@tempcnt=\count349
 (/usr/local/texlive/2025basic/texmf-dist/tex/latex/url/url.sty
\Urlmuskip=\muskip18
Package: url 2013/09/16  ver 3.4  Verb mode for urls, etc.
)
LaTeX Info: Redefining \url on input line 4763.
\XeTeXLinkMargin=\dimen266
 (/usr/local/texlive/2025basic/texmf-dist/tex/generic/bitset/bitset.sty
Package: bitset 2019/12/09 v1.3 Handle bit-vector datatype (HO)
 (/usr/local/texlive/2025basic/texmf-dist/tex/generic/bigintcalc/bigintcalc.sty
Package: bigintcalc 2019/12/15 v1.5 Expandable calculations on big integers (HO)
))
\Fld@menulength=\count350
\Field@Width=\dimen267
\Fld@charsize=\dimen268
Package hyperref Info: Hyper figures OFF on input line 6042.
Package hyperref Info: Link nesting OFF on input line 6047.
Package hyperref Info: Hyper index ON on input line 6050.
Package hyperref Info: backreferencing OFF on input line 6057.
Package hyperref Info: Link coloring OFF on input line 6062.
Package hyperref Info: Link coloring with OCG OFF on input line 6067.
Package hyperref Info: PDF/A mode OFF on input line 6072.
 (/usr/local/texlive/2025basic/texmf-dist/tex/latex/base/atbegshi-ltx.sty
Package: atbegshi-ltx 2021/01/10 v1.0c Emulation of the original atbegshi
package with kernel methods
)
\Hy@abspage=\count351
\c@Item=\count352
\c@Hfootnote=\count353
)
Package hyperref Info: Driver (autodetected): hxetex.
 (/usr/local/texlive/2025basic/texmf-dist/tex/latex/hyperref/hxetex.def
File: hxetex.def 2024-11-05 v7.01l Hyperref driver for XeTeX
\pdfm@box=\box70
\c@Hy@AnnotLevel=\count354
\HyField@AnnotCount=\count355
\Fld@listcount=\count356
\c@bookmark@seq@number=\count357
 (/usr/local/texlive/2025basic/texmf-dist/tex/latex/rerunfilecheck/rerunfilecheck.sty
Package: rerunfilecheck 2022-07-10 v1.10 Rerun checks for auxiliary files (HO)
 (/usr/local/texlive/2025basic/texmf-dist/tex/latex/base/atveryend-ltx.sty
Package: atveryend-ltx 2020/08/19 v1.0a Emulation of the original atveryend package
with kernel methods
) (/usr/local/texlive/2025basic/texmf-dist/tex/generic/uniquecounter/uniquecounter.sty
Package: uniquecounter 2019/12/15 v1.4 Provide unlimited unique counter (HO)
)
Package uniquecounter Info: New unique counter `rerunfilecheck' on input line 285.
)
\Hy@SectionHShift=\skip113
)

Package fontspec Info: 
(fontspec)             Font family 'TimesNewRoman(0)' created for font 'Times
(fontspec)             New Roman' with options [Ligatures=TeX].
(fontspec)              
(fontspec)              This font family consists of the following NFSS
(fontspec)             series/shapes:
(fontspec)              
(fontspec)             - 'normal' (m/n) with NFSS spec.: <->"Times New
(fontspec)             Roman/OT:script=latn;language=dflt;mapping=tex-text;"
(fontspec)             - 'bold' (b/n) with NFSS spec.: <->"Times New
(fontspec)             Roman/B/OT:script=latn;language=dflt;mapping=tex-text;"
(fontspec)             - 'italic' (m/it) with NFSS spec.: <->"Times New
(fontspec)             Roman/I/OT:script=latn;language=dflt;mapping=tex-text;"
(fontspec)             - 'bold italic' (b/it) with NFSS spec.: <->"Times New
(fontspec)             Roman/BI/OT:script=latn;language=dflt;mapping=tex-text;"

 (/usr/local/texlive/2025basic/texmf-dist/tex/latex/biblatex-chicago/biblatex-chicago.sty
Package: biblatex-chicago 2022/07/02 v 3.18 biblatex style
 (/usr/local/texlive/2025basic/texmf-dist/tex/generic/xstring/xstring.sty (/usr/local/texlive/2025basic/texmf-dist/tex/generic/xstring/xstring.tex
\xs_counta=\count358
\xs_countb=\count359
)
Package: xstring 2023/08/22 v1.86 String manipulations (CT)
) (/usr/local/texlive/2025basic/texmf-dist/tex/latex/biblatex/biblatex.sty
Package: biblatex 2025/07/10 v3.21 programmable bibliographies (PK/MW)
 (/usr/local/texlive/2025basic/texmf-dist/tex/latex/logreq/logreq.sty
Package: logreq 2010/08/04 v1.0 xml request logger
\lrq@indent=\count360
 (/usr/local/texlive/2025basic/texmf-dist/tex/latex/logreq/logreq.def
File: logreq.def 2010/08/04 v1.0 logreq spec v1.0
)) (/usr/local/texlive/2025basic/texmf-dist/tex/latex/base/ifthen.sty
Package: ifthen 2024/03/16 v1.1e Standard LaTeX ifthen package (DPC)
)
\c@tabx@nest=\count361
\c@listtotal=\count362
\c@listcount=\count363
\c@liststart=\count364
\c@liststop=\count365
\c@citecount=\count366
\c@citetotal=\count367
\c@multicitecount=\count368
\c@multicitetotal=\count369
\c@instcount=\count370
\c@maxnames=\count371
\c@minnames=\count372
\c@maxitems=\count373
\c@minitems=\count374
\c@citecounter=\count375
\c@maxcitecounter=\count376
\c@savedcitecounter=\count377
\c@uniquelist=\count378
\c@uniquename=\count379
\c@refsection=\count380
\c@refsegment=\count381
\c@maxextratitle=\count382
\c@maxextratitleyear=\count383
\c@maxextraname=\count384
\c@maxextradate=\count385
\c@maxextraalpha=\count386
\c@abbrvpenalty=\count387
\c@highnamepenalty=\count388
\c@lownamepenalty=\count389
\c@maxparens=\count390
\c@parenlevel=\count391
\blx@tempcnta=\count392
\blx@tempcntb=\count393
\blx@tempcntc=\count394
\c@blx@maxsection=\count395
\blx@maxsegment@0=\count396
\blx@notetype=\count397
\blx@parenlevel@text=\count398
\blx@parenlevel@foot=\count399
\blx@sectionciteorder@0=\count400
\blx@sectionciteorderinternal@0=\count401
\blx@entrysetcounter=\count402
\blx@biblioinstance=\count403
\labelnumberwidth=\skip114
\labelalphawidth=\skip115
\biblabelsep=\skip116
\bibitemsep=\skip117
\bibnamesep=\skip118
\bibinitsep=\skip119
\bibparsep=\skip120
\bibhang=\skip121
\blx@bcfin=\read3
\blx@bcfout=\write3
\blx@langwohyphens=\language24
\c@mincomprange=\count404
\c@maxcomprange=\count405
\c@mincompwidth=\count406
Package biblatex Info: Trying to load biblatex default data model...
Package biblatex Info: ... file 'blx-dm.def' found.
 (/usr/local/texlive/2025basic/texmf-dist/tex/latex/biblatex/blx-dm.def
File: blx-dm.def 2025/07/10 v3.21 biblatex datamodel (PK/MW)
)
Package biblatex Info: Trying to load biblatex style data model...
Package biblatex Info: ... file 'chicago-authordate.dbx' not found.
Package biblatex Info: Trying to load biblatex custom data model...
Package biblatex Info: ... file 'biblatex-dm.cfg' not found.
\c@afterword=\count407
\c@savedafterword=\count408
\c@annotator=\count409
\c@savedannotator=\count410
\c@author=\count411
\c@savedauthor=\count412
\c@bookauthor=\count413
\c@savedbookauthor=\count414
\c@commentator=\count415
\c@savedcommentator=\count416
\c@editor=\count417
\c@savededitor=\count418
\c@editora=\count419
\c@savededitora=\count420
\c@editorb=\count421
\c@savededitorb=\count422
\c@editorc=\count423
\c@savededitorc=\count424
\c@foreword=\count425
\c@savedforeword=\count426
\c@holder=\count427
\c@savedholder=\count428
\c@introduction=\count429
\c@savedintroduction=\count430
\c@namea=\count431
\c@savednamea=\count432
\c@nameb=\count433
\c@savednameb=\count434
\c@namec=\count435
\c@savednamec=\count436
\c@translator=\count437
\c@savedtranslator=\count438
\c@shortauthor=\count439
\c@savedshortauthor=\count440
\c@shorteditor=\count441
\c@savedshorteditor=\count442
\c@labelname=\count443
\c@savedlabelname=\count444
\c@institution=\count445
\c@savedinstitution=\count446
\c@lista=\count447
\c@savedlista=\count448
\c@listb=\count449
\c@savedlistb=\count450
\c@listc=\count451
\c@savedlistc=\count452
\c@listd=\count453
\c@savedlistd=\count454
\c@liste=\count455
\c@savedliste=\count456
\c@listf=\count457
\c@savedlistf=\count458
\c@location=\count459
\c@savedlocation=\count460
\c@organization=\count461
\c@savedorganization=\count462
\c@origlocation=\count463
\c@savedoriglocation=\count464
\c@origpublisher=\count465
\c@savedorigpublisher=\count466
\c@publisher=\count467
\c@savedpublisher=\count468
\c@language=\count469
\c@savedlanguage=\count470
\c@origlanguage=\count471
\c@savedoriglanguage=\count472
\c@pageref=\count473
\c@savedpageref=\count474
\shorthandwidth=\skip122
\shortjournalwidth=\skip123
\shortserieswidth=\skip124
\shorttitlewidth=\skip125
\shortauthorwidth=\skip126
\shorteditorwidth=\skip127
\locallabelnumberwidth=\skip128
\locallabelalphawidth=\skip129
\localshorthandwidth=\skip130
\localshortjournalwidth=\skip131
\localshortserieswidth=\skip132
\localshorttitlewidth=\skip133
\localshortauthorwidth=\skip134
\localshorteditorwidth=\skip135
Package biblatex Info: Trying to load enhanced support for Unicode engines...
Package biblatex Info: ... file 'blx-unicode.def' found.
 (/usr/local/texlive/2025basic/texmf-dist/tex/latex/biblatex/blx-unicode.def)
Package biblatex Info: Trying to load compatibility code...
Package biblatex Info: ... file 'blx-compat.def' found.
 (/usr/local/texlive/2025basic/texmf-dist/tex/latex/biblatex/blx-compat.def
File: blx-compat.def 2025/07/10 v3.21 biblatex compatibility (PK/MW)
)
Package biblatex Info: Trying to load generic definitions...
Package biblatex Info: ... file 'biblatex.def' found.
 (/usr/local/texlive/2025basic/texmf-dist/tex/latex/biblatex/biblatex.def
File: biblatex.def 2025/07/10 v3.21 biblatex compatibility (PK/MW)
\c@textcitecount=\count475
\c@textcitetotal=\count476
\c@textcitemaxnames=\count477
\c@biburlbigbreakpenalty=\count478
\c@biburlbreakpenalty=\count479
\c@biburlnumpenalty=\count480
\c@biburlucpenalty=\count481
\c@biburllcpenalty=\count482
\biburlbigskip=\muskip19
\biburlnumskip=\muskip20
\biburlucskip=\muskip21
\biburllcskip=\muskip22
\c@smartand=\count483
)
Package biblatex Info: Trying to load bibliography style 'chicago-authordate'...
Package biblatex Info: ... file 'chicago-authordate.bbx' found.
 (/usr/local/texlive/2025basic/texmf-dist/tex/latex/biblatex-chicago/chicago-authordate.bbx
File: chicago-authordate.bbx 2022/11/17 v 3.18b biblatex bibliography style
\lositemsep=\skip136
Package biblatex Info: Delimiter 'revsdnamedelim' in context '' already defined, overwriting.
\cms@tempcnta=\count484
\cms@tempcntb=\count485
\c@bbx:relatedcount=\count486
\c@bbx:relatedtotal=\count487
)
Package biblatex Info: Trying to load citation style 'chicago-authordate'...
Package biblatex Info: ... file 'chicago-authordate.cbx' found.
 (/usr/local/texlive/2025basic/texmf-dist/tex/latex/biblatex-chicago/chicago-authordate.cbx
File: chicago-authordate.cbx 2022/07/02 v 3.18 biblatex citation style
Package biblatex Info: Trying to load citation style 'chicago-dates-common'...
Package biblatex Info: ... file 'chicago-dates-common.cbx' found.
 (/usr/local/texlive/2025basic/texmf-dist/tex/latex/biblatex-chicago/chicago-dates-common.cbx
File: chicago-dates-common.cbx 2024/04/15 v 3.20 biblatex citation style
Package biblatex Info: Redefining '\cite'.
Package biblatex Info: Redefining '\parencite'.
Package biblatex Info: Redefining '\footcite'.
Package biblatex Info: Redefining '\footcitetext'.
Package biblatex Info: Redefining '\citetitle'.
Package biblatex Info: Redefining '\footfullcite'.
Package biblatex Info: Redefining '\fullcite'.
Package biblatex Info: Redefining '\textcite'.
Package biblatex Info: Redefining '\textcites'.
Package biblatex Info: Redefining '\cites'.
Package biblatex Info: Redefining '\parencites'.
Package biblatex Info: Redefining '\footcites'.
Package biblatex Info: Redefining '\footcitetexts'.
\c@cms@punct=\count488
Package biblatex Info: Delimiter 'dateeradelim' in context '' already defined, overwriting.
))
Package biblatex Info: Trying to load configuration file...
Package biblatex Info: ... file 'biblatex.cfg' found.
 (/usr/local/texlive/2025basic/texmf-dist/tex/latex/biblatex/biblatex.cfg
File: biblatex.cfg 
)
Package biblatex Info: XeTeX detected.
(biblatex)             Assuming input encoding 'utf8'.
Package biblatex Info: Document encoding is UTF8 ....
Package biblatex Info: ... and expl3
(biblatex)             2025-01-18 L3 programming layer (loader) 
(biblatex)             is new enough (at least 2020/04/06),
(biblatex)             setting 'casechanger=expl3'.
 (/usr/local/texlive/2025basic/texmf-dist/tex/latex/biblatex/blx-case-expl3.sty
Package: blx-case-expl3 2025/07/10 v3.21 expl3 case changing code for biblatex
)))
Package hyperref Info: Option `colorlinks' set `true' on input line 196.
\c@myequations=\count489
\cftbeforemyequationsskip=\skip137
\cftmyequationsindent=\skip138
\cftmyequationsnumwidth=\skip139
\c@equdepth=\count490
\cftbeforeequtitleskip=\skip140
\cftafterequtitleskip=\skip141
 (/usr/local/texlive/2025basic/texmf-dist/tex/latex/listings/lstlang1.sty
File: lstlang1.sty 2024/09/23 1.10c listings language file
)
Package csquotes Info: Checking for multilingual support...
Package csquotes Info: ... found 'babel' package.
Package csquotes Info: Adjusting default style.


Package csquotes Warning: No style for language 'indonesian'.
(csquotes)                Using fallback style on input line 376.

Package csquotes Info: Redefining alias 'default' -> 'fallback'.
(./TA.aux (/usr/local/texlive/2025basic/texmf-dist/tex/generic/babel/locale/en/babel-english.tex)
Package babel Info: Importing data for english
(babel)             from babel-en.ini. Reported on input line 58.
)
\openout1 = `TA.aux'.

LaTeX Font Info:    Checking defaults for OML/cmm/m/it on input line 376.
LaTeX Font Info:    ... okay on input line 376.
LaTeX Font Info:    Checking defaults for OMS/cmsy/m/n on input line 376.
LaTeX Font Info:    ... okay on input line 376.
LaTeX Font Info:    Checking defaults for OT1/cmr/m/n on input line 376.
LaTeX Font Info:    ... okay on input line 376.
LaTeX Font Info:    Checking defaults for T1/cmr/m/n on input line 376.
LaTeX Font Info:    ... okay on input line 376.
LaTeX Font Info:    Checking defaults for TS1/cmr/m/n on input line 376.
LaTeX Font Info:    ... okay on input line 376.
LaTeX Font Info:    Checking defaults for TU/lmr/m/n on input line 376.
LaTeX Font Info:    ... okay on input line 376.
LaTeX Font Info:    Checking defaults for OMX/cmex/m/n on input line 376.
LaTeX Font Info:    ... okay on input line 376.
LaTeX Font Info:    Checking defaults for U/cmr/m/n on input line 376.
LaTeX Font Info:    ... okay on input line 376.
LaTeX Font Info:    Checking defaults for PD1/pdf/m/n on input line 376.
LaTeX Font Info:    ... okay on input line 376.
LaTeX Font Info:    Checking defaults for PU/pdf/m/n on input line 376.
LaTeX Font Info:    ... okay on input line 376.

Package fontspec Info: 
(fontspec)             Adjusting the maths setup (use [no-math] to avoid
(fontspec)             this).

\symlegacymaths=\mathgroup6
LaTeX Font Info:    Overwriting symbol font `legacymaths' in version `bold'
(Font)                  OT1/cmr/m/n --> OT1/cmr/bx/n on input line 376.
LaTeX Font Info:    Redeclaring math accent \acute on input line 376.
LaTeX Font Info:    Redeclaring math accent \grave on input line 376.
LaTeX Font Info:    Redeclaring math accent \ddot on input line 376.
LaTeX Font Info:    Redeclaring math accent \tilde on input line 376.
LaTeX Font Info:    Redeclaring math accent \bar on input line 376.
LaTeX Font Info:    Redeclaring math accent \breve on input line 376.
LaTeX Font Info:    Redeclaring math accent \check on input line 376.
LaTeX Font Info:    Redeclaring math accent \hat on input line 376.
LaTeX Font Info:    Redeclaring math accent \dot on input line 376.
LaTeX Font Info:    Redeclaring math accent \mathring on input line 376.
LaTeX Font Info:    Redeclaring math symbol \Gamma on input line 376.
LaTeX Font Info:    Redeclaring math symbol \Delta on input line 376.
LaTeX Font Info:    Redeclaring math symbol \Theta on input line 376.
LaTeX Font Info:    Redeclaring math symbol \Lambda on input line 376.
LaTeX Font Info:    Redeclaring math symbol \Xi on input line 376.
LaTeX Font Info:    Redeclaring math symbol \Pi on input line 376.
LaTeX Font Info:    Redeclaring math symbol \Sigma on input line 376.
LaTeX Font Info:    Redeclaring math symbol \Upsilon on input line 376.
LaTeX Font Info:    Redeclaring math symbol \Phi on input line 376.
LaTeX Font Info:    Redeclaring math symbol \Psi on input line 376.
LaTeX Font Info:    Redeclaring math symbol \Omega on input line 376.
LaTeX Font Info:    Redeclaring math symbol \mathdollar on input line 376.
LaTeX Font Info:    Redeclaring symbol font `operators' on input line 376.
LaTeX Font Info:    Encoding `OT1' has changed to `TU' for symbol font
(Font)              `operators' in the math version `normal' on input line 376.
LaTeX Font Info:    Overwriting symbol font `operators' in version `normal'
(Font)                  OT1/cmr/m/n --> TU/TimesNewRoman(0)/m/n on input line 376.
LaTeX Font Info:    Encoding `OT1' has changed to `TU' for symbol font
(Font)              `operators' in the math version `bold' on input line 376.
LaTeX Font Info:    Overwriting symbol font `operators' in version `bold'
(Font)                  OT1/cmr/bx/n --> TU/TimesNewRoman(0)/m/n on input line 376.
LaTeX Font Info:    Overwriting symbol font `operators' in version `normal'
(Font)                  TU/TimesNewRoman(0)/m/n --> TU/TimesNewRoman(0)/m/n on input line 376.
LaTeX Font Info:    Overwriting math alphabet `\mathit' in version `normal'
(Font)                  OT1/cmr/m/it --> TU/TimesNewRoman(0)/m/it on input line 376.
LaTeX Font Info:    Overwriting math alphabet `\mathbf' in version `normal'
(Font)                  OT1/cmr/bx/n --> TU/TimesNewRoman(0)/b/n on input line 376.
LaTeX Font Info:    Overwriting math alphabet `\mathsf' in version `normal'
(Font)                  OT1/cmss/m/n --> TU/lmss/m/n on input line 376.
LaTeX Font Info:    Overwriting math alphabet `\mathtt' in version `normal'
(Font)                  OT1/cmtt/m/n --> TU/lmtt/m/n on input line 376.
LaTeX Font Info:    Overwriting symbol font `operators' in version `bold'
(Font)                  TU/TimesNewRoman(0)/m/n --> TU/TimesNewRoman(0)/b/n on input line 376.
LaTeX Font Info:    Overwriting math alphabet `\mathit' in version `bold'
(Font)                  OT1/cmr/bx/it --> TU/TimesNewRoman(0)/b/it on input line 376.
LaTeX Font Info:    Overwriting math alphabet `\mathsf' in version `bold'
(Font)                  OT1/cmss/bx/n --> TU/lmss/b/n on input line 376.
LaTeX Font Info:    Overwriting math alphabet `\mathtt' in version `bold'
(Font)                  OT1/cmtt/m/n --> TU/lmtt/b/n on input line 376.
Package caption Info: Begin \AtBeginDocument code.
Package caption Info: float package is loaded.
Package caption Info: floatrow package is loaded.
Package caption Info: floatrow package is loaded.
Package caption Info: hyperref package is loaded.
Package caption Info: listings package is loaded.
Package caption Info: longtable package is loaded.
 (/usr/local/texlive/2025basic/texmf-dist/tex/latex/caption/ltcaption.sty
Package: ltcaption 2021/01/08 v1.4c longtable captions (AR)
)
Package caption Info: Fixing longtable code of `floatrow' package.
Package caption Info: End \AtBeginDocument code.
 (/usr/local/texlive/2025basic/texmf-dist/tex/latex/floatrow/fr-longtable.sty
Package: fr-longtable 2007/11/28 v0.1b (beta) floatrow: additions for longtable
\flrow@LT@lasthead=\box71
\flrow@LT@prelastfoot=\box72
\c@FBLTpage=\count491
)
\c@lstlisting=\count492

*geometry* driver: auto-detecting
*geometry* detected driver: xetex
*geometry* verbose mode - [ preamble ] result:
* driver: xetex
* paper: a4paper
* layout: <same size as paper>
* layoutoffset:(h,v)=(0.0pt,0.0pt)
* modes: twoside 
* h-part:(L,W,R)=(113.81102pt, 398.3386pt, 85.35826pt)
* v-part:(T,H,B)=(85.35826pt, 674.33032pt, 85.35826pt)
* \paperwidth=597.50787pt
* \paperheight=845.04684pt
* \textwidth=398.3386pt
* \textheight=674.33032pt
* \oddsidemargin=41.54103pt
* \evensidemargin=13.08827pt
* \topmargin=-18.78552pt
* \headheight=12.0pt
* \headsep=19.8738pt
* \topskip=12.0pt
* \footskip=30.0pt
* \marginparwidth=88.0pt
* \marginparsep=7.0pt
* \columnsep=10.0pt
* \skip\footins=10.8pt plus 4.0pt minus 2.0pt
* \hoffset=0.0pt
* \voffset=0.0pt
* \mag=1000
* \@twocolumnfalse
* \@twosidetrue
* \@mparswitchtrue
* \@reversemarginfalse
* (1in=72.27pt=25.4mm, 1cm=28.453pt)

LaTeX Info: Redefining \microtypecontext on input line 376.
Package microtype Info: Applying patch `item' on input line 376.
Package microtype Info: Applying patch `toc' on input line 376.
Package microtype Info: Applying patch `eqnum' on input line 376.
Package microtype Info: Applying patch `footnote' on input line 376.
Package microtype Info: Applying patch `verbatim' on input line 376.
LaTeX Info: Redefining \microtypesetup on input line 376.
Package microtype Info: Character protrusion enabled (level 2).
Package microtype Info: Using default protrusion set `alltext'.
Package microtype Info: No adjustment of tracking.
Package microtype Info: No adjustment of spacing.
Package microtype Info: No adjustment of kerning.
Package microtype Info: Loading generic protrusion settings for font family
(microtype)             `TimesNewRoman' (encoding: TU).
(microtype)             For optimal results, create family-specific settings.
(microtype)             See the microtype manual for details.
Package hyperref Info: Link coloring ON on input line 376.
(./TA.out) (./TA.out)
\@outlinefile=\write4
\openout4 = `TA.out'.

Package biblatex Info: Trying to load language 'indonesian'...
Package biblatex Info: ... file 'indonesian.lbx' not found.


Package biblatex Warning: Language 'indonesian' not supported.
(biblatex)                Using dummy definitions on input line 376.

Package biblatex Info: Trying to load language 'english'...
Package biblatex Info: ... file 'english.lbx' found.
(/usr/local/texlive/2025basic/texmf-dist/tex/latex/biblatex/lbx/english.lbx
File: english.lbx 2025/07/10 v3.21 biblatex localization (PK/MW)
)
Package biblatex Info: XeTeX detected.
(biblatex)             Assuming input encoding 'utf8'.
Package biblatex Info: Automatic encoding selection.
(biblatex)             Assuming data encoding 'utf8'.
\openout3 = `TA.bcf'.

Package biblatex Info: Trying to load bibliographic data...
Package biblatex Info: ... file 'TA.bbl' found.
 (./TA.bbl)
Package biblatex Info: Reference section=0 on input line 376.
Package biblatex Info: Reference segment=0 on input line 376.
 (./1 Halaman Judul.tex
File: images/ganesha.jpg Graphic file (type bmp)
<images/ganesha.jpg>


[1



]) (./2 Lembar Pengesahan.tex

[2

]) (./3 Pernyataan Orisinalitas.tex
Underfull \vbox (badness 10000) has occurred while \output is active []



[3]

[4

]
Underfull \hbox (badness 10000) in paragraph at lines 10--14

 []

LaTeX Font Info:    Trying to load font information for U+msa on input line 15.
(/usr/local/texlive/2025basic/texmf-dist/tex/latex/amsfonts/umsa.fd
File: umsa.fd 2013/01/14 v3.01 AMS symbols A
) (/usr/local/texlive/2025basic/texmf-dist/tex/latex/microtype/mt-msa.cfg
File: mt-msa.cfg 2006/02/04 v1.1 microtype config. file: AMS symbols (a) (RS)
)
LaTeX Font Info:    Trying to load font information for U+msb on input line 15.
 (/usr/local/texlive/2025basic/texmf-dist/tex/latex/amsfonts/umsb.fd
File: umsb.fd 2013/01/14 v3.01 AMS symbols B
) (/usr/local/texlive/2025basic/texmf-dist/tex/latex/microtype/mt-msb.cfg
File: mt-msb.cfg 2005/06/01 v1.0 microtype config. file: AMS symbols (b) (RS)
) (/usr/local/texlive/2025basic/texmf-dist/tex/latex/microtype/mt-cmr.cfg
File: mt-cmr.cfg 2013/05/19 v2.2 microtype config. file: Computer Modern Roman (RS)
)) (./4 Pernyataan Penggunaan AI.tex

[5]

[6

]
Overfull \hbox (3.43965pt too wide) in paragraph at lines 9--9
[]|\TU/TimesNewRoman(0)/b/n/12 No.| 
 []


Underfull \hbox (badness 5175) in paragraph at lines 11--11
[]|\TU/TimesNewRoman(0)/m/n/12 Memeriksa ejaan dan
 []


Underfull \hbox (badness 10000) in paragraph at lines 13--13
[]|\TU/TimesNewRoman(0)/m/n/12 Microsoft
 []


Underfull \hbox (badness 10000) in paragraph at lines 17--17
[]|\TU/TimesNewRoman(0)/m/n/12 Pencarian informasi
 []


Underfull \hbox (badness 10000) in paragraph at lines 19--19
[]|\TU/TimesNewRoman(0)/m/n/12 Penyusunan bahan
 []


Underfull \hbox (badness 2269) in paragraph at lines 21--21
[]|\TU/TimesNewRoman(0)/m/n/12 Penyusunan kode pro-
 []


Underfull \hbox (badness 10000) in paragraph at lines 23--23
[]|\TU/TimesNewRoman(0)/m/n/12 Penyusunan formu-
 []


Underfull \hbox (badness 10000) in paragraph at lines 23--23
\TU/TimesNewRoman(0)/m/n/12 la atau perhitungan
 []


Underfull \hbox (badness 10000) in paragraph at lines 29--29
[]|\TU/TimesNewRoman(0)/m/n/12 Penyusunan kesimpu-
 []


Overfull \hbox (13.72078pt too wide) in paragraph at lines 7--32
 [][] 
 []


Underfull \hbox (badness 10000) in paragraph at lines 35--37

 []

) (./5 Abstrak.tex

[7]

[8

]) (./6 Kata Pengantar.tex

[9]

[10

])

[11]

Package geometry Warning: `a4paper': not available in `\newgeometry'; skipped.

*geometry* verbose mode - [ newgeometry ] result:
* driver: xetex
* paper: a4paper
* layout: <same size as paper>
* layoutoffset:(h,v)=(0.0pt,0.0pt)
* modes: twoside 
* h-part:(L,W,R)=(113.81102pt, 398.3386pt, 85.35826pt)
* v-part:(T,H,B)=(85.35826pt, 674.33032pt, 85.35826pt)
* \paperwidth=597.50787pt
* \paperheight=845.04684pt
* \textwidth=398.3386pt
* \textheight=674.33032pt
* \oddsidemargin=41.54103pt
* \evensidemargin=13.08827pt
* \topmargin=-18.78552pt
* \headheight=12.0pt
* \headsep=19.8738pt
* \topskip=12.0pt
* \footskip=30.0pt
* \marginparwidth=88.0pt
* \marginparsep=7.0pt
* \columnsep=10.0pt
* \skip\footins=10.8pt plus 4.0pt minus 2.0pt
* \hoffset=0.0pt
* \voffset=0.0pt
* \mag=1000
* \@twocolumnfalse
* \@twosidetrue
* \@mparswitchtrue
* \@reversemarginfalse
* (1in=72.27pt=25.4mm, 1cm=28.453pt)

(./7 Daftar Isi.tex

[12


] (./TA.toc
Overfull \hbox (4.85715pt too wide) in paragraph at lines 46--46
 [][] [][][]\TU/TimesNewRoman(0)/m/n/12 Penulisan Rumus atau Persamaan Matematika Menggunakan 
 []


Underfull \vbox (badness 6608) has occurred while \output is active []



[13])
\tf@toc=\write5
\openout5 = `TA.toc'.

) (./8 Daftar Gambar.tex

[14] (./TA.lof)
\tf@lof=\write6
\openout6 = `TA.lof'.

) (./9 Daftar Tabel.tex

[15

]

[16

] (./TA.lot
Package microtype Info: Loading generic protrusion settings for font family
(microtype)             `lmtt' (encoding: TU).
(microtype)             For optimal results, create family-specific settings.
(microtype)             See the microtype manual for details.

Overfull \hbox (58.8302pt too wide) in paragraph at lines 14--14
 \TU/TimesNewRoman(0)/m/n/12 kolom secara fleksibel. Selain itu, tabel ini juga menggunakan \TU/lmtt/m/n/12 threeparttable 
 []

)
\tf@lot=\write7
\openout7 = `TA.lot'.

) (./10 Daftar Persamaan.tex

[17]

[18

] (./TA.equ)
\tf@equ=\write8
\openout8 = `TA.equ'.

) (./11 Daftar Algoritma.tex

[19

]

[20

] (./TA.loa)
\tf@loa=\write9
\openout9 = `TA.loa'.

) (./12 Daftar Listing.tex

[21

]

[22

] (./TA.lol)
\tf@lol=\write10
\openout10 = `TA.lol'.

) (./13 Daftar Simbol.tex

[23

]

[24

]
Overfull \hbox (16.93071pt too wide) in alignment at lines 15--104
 [] [] [] 
 []

[25] [26]) (./14 Daftar Singkatan.tex

[27]

[28

]
Overfull \hbox (2.66713pt too wide) in alignment at lines 15--27
 [] [] [] 
 []

)

[29]

[30

] (./Bab I - Pendahuluan.tex
Bab I.

Overfull \hbox (1.51288pt too wide) in paragraph at lines 11--12
[]\TU/TimesNewRoman(0)/m/n/12 Kelemahan atau kekurangan dari solusi yang telah diterapkan atau yang memu-
 []


Underfull \vbox (badness 1292) has occurred while \output is active []



[1


]

Package biblatex-chicago Warning: Empty Ibidem citation on input line 38.


Overfull \hbox (1.58914pt too wide) in paragraph at lines 38--39
\TU/TimesNewRoman(0)/m/n/12 aktivitas orang yang menggunakan teknologi tersebut untuk mendukung
 []



[2]
Overfull \hbox (6.8829pt too wide) in paragraph at lines 67--69
\TU/TimesNewRoman(0)/m/n/12 yang harus dilakukan dalam pelaksanaan tugas akhir, sehingga pertanyaan-pertanyaan
 []



[3]

[4]
Overfull \hbox (22.53932pt too wide) in paragraph at lines 106--107
[]\TU/TimesNewRoman(0)/m/n/12 Bab IV Perancangan: Berisi penjelasan tentang perancangan solusi yang diusulkan,
 []

) (./Bab II - Studi.tex

[5]

[6

]
Bab II.

Overfull \hbox (1.26251pt too wide) in paragraph at lines 5--8
[]\TU/TimesNewRoman(0)/m/n/12 Studi literatur biasanya berisi tentang tinjauan pustaka, landasan teori, dan penelitian-
 []


Overfull \hbox (2.1867pt too wide) in paragraph at lines 8--9
[]\TU/TimesNewRoman(0)/m/n/12 Landasan teori yang diperoleh dari literatur yang akan digunakan untuk menye-
 []


Overfull \hbox (0.71484pt too wide) in paragraph at lines 14--19
\TU/TimesNewRoman(0)/m/n/12 terbaik yang memungkinkan untuk diterapkan, teori-teori dasar tentang metode terse-
 []


Overfull \hbox (3.38086pt too wide) in paragraph at lines 14--19
\TU/TimesNewRoman(0)/m/n/12 but, dan diakhiri dengan tinjauan terhadap penelitian-penelitian terdahulu yang meng-
 []



[7

]
File: images/gambar1.png Graphic file (type bmp)
<images/gambar1.png>


[8]
File: images/gambar1.png Graphic file (type bmp)
<images/gambar1.png>


[9]

LaTeX Warning: Reference `tab:tabel3' on page 10 undefined on input line 80.


LaTeX Warning: Reference `tab:tabel3' on page 10 undefined on input line 94.


Underfull \vbox (badness 10000) has occurred while \output is active []



[10] (./tables/tabel1.tex

LaTeX Warning: `h' float specifier changed to `ht'.

) (./tables/longtable1.tex
Underfull \hbox (badness 10000) in paragraph at lines 23--24
[]|\TU/TimesNewRoman(0)/m/n/12 Third entry demonstrating the
 []


Underfull \hbox (badness 10000) in paragraph at lines 38--39
[]|\TU/TimesNewRoman(0)/m/n/12 Third entry demonstrating the
 []


Underfull \hbox (badness 10000) in paragraph at lines 48--49
[]|\TU/TimesNewRoman(0)/m/n/12 Third entry demonstrating the
 []


Underfull \hbox (badness 10000) in paragraph at lines 58--59
[]|\TU/TimesNewRoman(0)/m/n/12 Third entry demonstrating the
 []

[11] [12])
Underfull \vbox (badness 10000) has occurred while \output is active []



[13]
Underfull \vbox (badness 10000) has occurred while \output is active []



[14] (./listings/binary-search-python.tex
Package hyperref Info: bookmark level for unknown lstlisting defaults to 0 on input line 7.
)
Underfull \hbox (badness 10000) in paragraph at lines 6--227

 []

(./algorithms/binary-search-alg.tex
Package hyperref Info: bookmark level for unknown algorithm defaults to 0 on input line 4.
LaTeX Font Info:    Font shape `TU/lmtt/bx/n' in size <12> not available
(Font)              Font shape `TU/lmtt/b/n' tried instead on input line 7.

Underfull \vbox (badness 10000) has occurred while \output is active []



[15])) (./Bab III - Analisis.tex

[16]
Bab III.

Package lipsum Warning: Unknown language 'latin'. Hyphenation patterns for
(lipsum)                'indonesian' will be used instead.


Underfull \vbox (badness 1715) has occurred while \output is active []



[17


]
Underfull \vbox (badness 10000) has occurred while \output is active []



[18]) (./Bab IV - Perancangan.tex

[19]

[20

]
Bab IV.
) (./Bab V - Implementasi.tex

[21

]

[22

]
Bab V.
) (./Bab VI - Evaluasi.tex

[23

]

[24

]
Bab VI.

Overfull \hbox (20.82396pt too wide) in paragraph at lines 23--29
 [][] 
 []



[25

]

[26]) (./Bab VII - Penutup.tex

[27]

[28

]
Bab VII.
)

[29

]

[30

]
Overfull \hbox (4.9412pt too wide) in paragraph at lines 455--455
[][]\TU/TimesNewRoman(0)/m/n/12 Laudon, Kenneth C., dan Jane P. Laudon. 2020. \TU/TimesNewRoman(0)/m/it/12 Sistem Informasi Manajemen. \TU/TimesNewRoman(0)/m/n/12 Jakarta:
 []

(./Lampiran-A.tex

[31

]

[32

]
Lampiran A.
(./listings/binary-search-python.tex

[33

])) (./Lampiran-B.tex

[34]
Lampiran B.
)

[35


]

[36

] (./TA.aux)
 ***********
LaTeX2e <2024-11-01> patch level 2
L3 programming layer <2025-01-18>
 ***********


LaTeX Warning: There were undefined references.

Package rerunfilecheck Info: File `TA.out' has not changed.
(rerunfilecheck)             Checksum: 33DE6153AFA175A4A3389C6315B7B6FC;10994.
Package logreq Info: Writing requests to 'TA.run.xml'.
\openout1 = `TA.run.xml'.

 ) 
Here is how much of TeX's memory you used:
 34047 strings out of 475366
 668468 string characters out of 5762339
 2198546 words of memory out of 5000000
 56541 multiletter control sequences out of 15000+600000
 565797 words of font info for 95 fonts, out of 8000000 for 9000
 319 hyphenation exceptions out of 8191
 79i,14n,95p,1233b,6683s stack positions out of 10000i,1000n,20000p,200000b,200000s

Output written on TA.pdf (66 pages).
